<?xml version="1.0" encoding="UTF-8"?>
<testng-results skipped="0" failed="0" ignored="0" total="1" passed="1">
  <reporter-output>
  </reporter-output>
  <suite name="Default suite" duration-ms="95543" started-at="2017-02-23T07:36:13Z" finished-at="2017-02-23T07:37:49Z">
    <groups>
    </groups>
    <test name="Default test" duration-ms="95543" started-at="2017-02-23T07:36:13Z" finished-at="2017-02-23T07:37:49Z">
      <class name="flight_booking_test.FlightBookingTest">
        <test-method status="PASS" signature="setup()[pri:0, instance:flight_booking_test.FlightBookingTest@215be6bb]" name="setup" is-config="true" duration-ms="41926" started-at="2017-02-23T13:06:13Z" finished-at="2017-02-23T13:06:55Z">
          <reporter-output>
          </reporter-output>
        </test-method> <!-- setup -->
        <test-method status="PASS" signature="test()[pri:0, instance:flight_booking_test.FlightBookingTest@215be6bb]" name="test" duration-ms="53566" started-at="2017-02-23T13:06:55Z" finished-at="2017-02-23T13:07:49Z">
          <reporter-output>
          </reporter-output>
        </test-method> <!-- test -->
      </class> <!-- flight_booking_test.FlightBookingTest -->
    </test> <!-- Default test -->
  </suite> <!-- Default suite -->
</testng-results>
